This is pdfTeX, Version 3.1415926-2.4-1.40.13 (TeX Live 2012/Debian) (format=pdflatex 2013.10.22)  13 MAY 2014 01:26
entering extended mode
 restricted \write18 enabled.
 %&-line parsing enabled.
**finalPaper.tex
(./finalPaper.tex
LaTeX2e <2011/06/27>
Babel <v3.8m> and hyphenation patterns for english, dumylang, nohyphenation, lo
aded.
(/usr/share/texlive/texmf-dist/tex/latex/base/article.cls
Document Class: article 2007/10/19 v1.4h Standard LaTeX document class
(/usr/share/texlive/texmf-dist/tex/latex/base/size11.clo
File: size11.clo 2007/10/19 v1.4h Standard LaTeX file (size option)
)
\c@part=\count79
\c@section=\count80
\c@subsection=\count81
\c@subsubsection=\count82
\c@paragraph=\count83
\c@subparagraph=\count84
\c@figure=\count85
\c@table=\count86
\abovecaptionskip=\skip41
\belowcaptionskip=\skip42
\bibindent=\dimen102
) (./naaclhlt2010.sty
Conference Style for NAACL-HLT 2010 -- released November 16, 2009
\titlebox=\skip43
) (/usr/share/texlive/texmf-dist/tex/latex/psnfss/times.sty
Package: times 2005/04/12 PSNFSS-v9.2a (SPQR) 
)
(/usr/share/texlive/texmf-dist/tex/latex/base/latexsym.sty
Package: latexsym 1998/08/17 v2.2e Standard LaTeX package (lasy symbols)
\symlasy=\mathgroup4
LaTeX Font Info:    Overwriting symbol font `lasy' in version `bold'
(Font)                  U/lasy/m/n --> U/lasy/b/n on input line 47.
) (./finalPaper.aux)
\openout1 = `finalPaper.aux'.

LaTeX Font Info:    Checking defaults for OML/cmm/m/it on input line 26.
LaTeX Font Info:    ... okay on input line 26.
LaTeX Font Info:    Checking defaults for T1/cmr/m/n on input line 26.
LaTeX Font Info:    ... okay on input line 26.
LaTeX Font Info:    Checking defaults for OT1/cmr/m/n on input line 26.
LaTeX Font Info:    ... okay on input line 26.
LaTeX Font Info:    Checking defaults for OMS/cmsy/m/n on input line 26.
LaTeX Font Info:    ... okay on input line 26.
LaTeX Font Info:    Checking defaults for OMX/cmex/m/n on input line 26.
LaTeX Font Info:    ... okay on input line 26.
LaTeX Font Info:    Checking defaults for U/cmr/m/n on input line 26.
LaTeX Font Info:    ... okay on input line 26.
LaTeX Font Info:    Try loading font information for OT1+ptm on input line 26.

(/usr/share/texlive/texmf-dist/tex/latex/psnfss/ot1ptm.fd
File: ot1ptm.fd 2001/06/04 font definitions for OT1/ptm.
)
LaTeX Font Info:    Font shape `OT1/ptm/bx/n' in size <14.4> not available
(Font)              Font shape `OT1/ptm/b/n' tried instead on input line 27.
LaTeX Font Info:    External font `cmex10' loaded for size
(Font)              <12> on input line 27.
LaTeX Font Info:    External font `cmex10' loaded for size
(Font)              <8> on input line 27.
LaTeX Font Info:    External font `cmex10' loaded for size
(Font)              <6> on input line 27.
LaTeX Font Info:    Try loading font information for U+lasy on input line 27.

(/usr/share/texlive/texmf-dist/tex/latex/base/ulasy.fd
File: ulasy.fd 1998/08/17 v2.2e LaTeX symbol font definitions
)
LaTeX Font Info:    Font shape `OT1/ptm/bx/n' in size <12> not available
(Font)              Font shape `OT1/ptm/b/n' tried instead on input line 27.
LaTeX Font Info:    Try loading font information for OT1+pcr on input line 27.

(/usr/share/texlive/texmf-dist/tex/latex/psnfss/ot1pcr.fd
File: ot1pcr.fd 2001/06/04 font definitions for OT1/pcr.
)
LaTeX Font Info:    External font `cmex10' loaded for size
(Font)              <7> on input line 33.
LaTeX Font Info:    External font `cmex10' loaded for size
(Font)              <5> on input line 33.
LaTeX Font Info:    External font `cmex10' loaded for size
(Font)              <10.95> on input line 38.

Underfull \hbox (badness 2393) in paragraph at lines 40--41
[]\OT1/ptm/m/n/10.95 Clustering al-go-rithms work by us-ing nearby
 []


Underfull \vbox (badness 1019) has occurred while \output is active []

 [1{/var/lib/texmf/fonts/map/pdftex/updmap/pdftex.map}




]
Underfull \hbox (badness 1708) in paragraph at lines 46--47
[]\OT1/ptm/m/n/10.95 There has been some pre-vi-ous re-search into
 []


Underfull \hbox (badness 3029) in paragraph at lines 68--69
\OT1/ptm/m/n/10.95 faster $\OML/cmm/m/it/10.95 ^^O$\OT1/ptm/m/n/10.95 -sphere a
l-go-rithm by us-ing divide-and-
 []

LaTeX Font Info:    Font shape `OT1/ptm/bx/n' in size <10.95> not available
(Font)              Font shape `OT1/ptm/b/n' tried instead on input line 85.

Underfull \hbox (badness 10000) in paragraph at lines 87--95
\OT1/ptm/m/n/10.95 NAACL HLT pro-vides this de-scrip-tion in
 []


Underfull \hbox (badness 10000) in paragraph at lines 87--95
\OT1/ptm/m/n/10.95 L[]T[]X2e (\OT1/pcr/m/n/10.95 naaclhlt2010.tex\OT1/ptm/m/n/1
0.95 ) and PDF
 []


Underfull \hbox (badness 10000) in paragraph at lines 87--95
\OT1/ptm/m/n/10.95 for-mat (\OT1/pcr/m/n/10.95 naaclhlt2010.pdf\OT1/ptm/m/n/10.
95 ), along with
 []


Underfull \hbox (badness 10000) in paragraph at lines 87--95
\OT1/ptm/m/n/10.95 the L[]T[]X2e style file used to for-mat it
 []


Underfull \hbox (badness 10000) in paragraph at lines 87--95
\OT1/ptm/m/n/10.95 (\OT1/pcr/m/n/10.95 naaclhlt2010.sty\OT1/ptm/m/n/10.95 ) and
 an ACL bib-
 []


Underfull \hbox (badness 10000) in paragraph at lines 87--95
\OT1/ptm/m/n/10.95 li-og-ra-phy style (\OT1/pcr/m/n/10.95 naaclhlt2010.bst\OT1/
ptm/m/n/10.95 ).
 []


Underfull \hbox (badness 10000) in paragraph at lines 87--95
\OT1/ptm/m/n/10.95 These files are all avail-able at
 []


Underfull \hbox (badness 1748) in paragraph at lines 87--95
\OT1/pcr/m/n/10.95 http://naaclhlt2010.isi.edu\OT1/ptm/m/n/10.95 . A Mi-
 []

[2]
LaTeX Font Info:    Try loading font information for OMS+ptm on input line 150.

 (/usr/share/texlive/texmf-dist/tex/latex/psnfss/omsptm.fd
File: omsptm.fd 
)
LaTeX Font Info:    Font shape `OMS/ptm/m/n' in size <10.95> not available
(Font)              Font shape `OMS/cmsy/m/n' tried instead on input line 150.
 [3]

LaTeX Warning: Citation `Gusfield:97' on page 4 undefined on input line 214.


LaTeX Warning: Citation `Gusfield:97' on page 4 undefined on input line 215.


LaTeX Warning: Citation `Aho:72' on page 4 undefined on input line 217.


LaTeX Warning: Citation `Chandra:81' on page 4 undefined on input line 218.


LaTeX Warning: Citation `Gusfield:97' on page 4 undefined on input line 219.


LaTeX Warning: Citation `Aho:72' on page 4 undefined on input line 219.


LaTeX Warning: Citation `APA:83' on page 4 undefined on input line 228.


LaTeX Warning: Citation `ACM:83' on page 4 undefined on input line 231.


Underfull \hbox (badness 3058) in paragraph at lines 233--236
[]\OT1/ptm/m/n/10.95 The L[]T[]X and BibT[]X style files pro-vided
 []

LaTeX Font Info:    External font `cmex10' loaded for size
(Font)              <9> on input line 248.
[4] [5

] (./finalPaper.aux) ) 
Here is how much of TeX's memory you used:
 423 strings out of 495059
 5505 string characters out of 3182029
 56091 words of memory out of 3000000
 3636 multiletter control sequences out of 15000+200000
 28345 words of font info for 64 fonts, out of 3000000 for 9000
 14 hyphenation exceptions out of 8191
 23i,9n,19p,718b,256s stack positions out of 5000i,500n,10000p,200000b,50000s
{/usr/share/texlive/texmf-dist/fonts/enc/dvips/base/8r.en
c}</usr/share/texlive/texmf-dist/fonts/type1/public/amsfonts/cm/cmmi10.pfb></us
r/share/texlive/texmf-dist/fonts/type1/public/amsfonts/cm/cmsy10.pfb></usr/shar
e/texlive/texmf-dist/fonts/type1/urw/courier/ucrr8a.pfb></usr/share/texlive/tex
mf-dist/fonts/type1/urw/times/utmb8a.pfb></usr/share/texlive/texmf-dist/fonts/t
ype1/urw/times/utmr8a.pfb></usr/share/texlive/texmf-dist/fonts/type1/urw/times/
utmri8a.pfb>
Output written on finalPaper.pdf (5 pages, 90524 bytes).
PDF statistics:
 45 PDF objects out of 1000 (max. 8388607)
 31 compressed objects within 1 object stream
 0 named destinations out of 1000 (max. 500000)
 1 words of extra memory for PDF output out of 10000 (max. 10000000)

